This file contains any messages produced by compilers while
running configure, to aid debugging if configure makes a mistake.

It was created by openglad configure 0.98.1, which was
generated by GNU Autoconf 2.69.  Invocation command line was

  $ ./configure 

## --------- ##
## Platform. ##
## --------- ##

hostname = saturn
uname -m = x86_64
uname -r = 4.10.0-041000-generic
uname -s = Linux
uname -v = #201702191831 SMP Sun Feb 19 23:33:19 UTC 2017

/usr/bin/uname -p = unknown
/bin/uname -X     = unknown

/bin/arch              = unknown
/usr/bin/arch -k       = unknown
/usr/convex/getsysinfo = unknown
/usr/bin/hostinfo      = unknown
/bin/machine           = unknown
/usr/bin/oslevel       = unknown
/bin/universe          = unknown

PATH: /home/novous/bin
PATH: /home/novous/.cabal/bin
PATH: /opt/cabal/1.22/bin
PATH: /opt/ghc/7.10.3/bin
PATH: /home/novous/bin
PATH: /usr/local/sbin
PATH: /usr/local/bin
PATH: /usr/sbin
PATH: /usr/bin
PATH: /sbin
PATH: /bin
PATH: /usr/games
PATH: /usr/local/games
PATH: /snap/bin


## ----------- ##
## Core tests. ##
## ----------- ##

configure:2255: checking for a BSD-compatible install
configure:2323: result: /usr/bin/install -c
configure:2334: checking whether build environment is sane
configure:2389: result: yes
configure:2427: WARNING: 'missing' script is too old or missing
configure:2540: checking for a thread-safe mkdir -p
configure:2579: result: /bin/mkdir -p
configure:2586: checking for gawk
configure:2602: found /usr/bin/gawk
configure:2613: result: gawk
configure:2624: checking whether make sets $(MAKE)
configure:2646: result: yes
configure:2675: checking whether make supports nested variables
configure:2692: result: yes
configure:2899: checking for g++
configure:2915: found /usr/bin/g++
configure:2926: result: g++
configure:2953: checking for C++ compiler version
configure:2962: g++ --version >&5
g++ (Ubuntu 7.3.0-27ubuntu1~18.04) 7.3.0
Copyright (C) 2017 Free Software Foundation, Inc.
This is free software; see the source for copying conditions.  There is NO
warranty; not even for MERCHANTABILITY or FITNESS FOR A PARTICULAR PURPOSE.

configure:2973: $? = 0
configure:2962: g++ -v >&5
Using built-in specs.
COLLECT_GCC=g++
COLLECT_LTO_WRAPPER=/usr/lib/gcc/x86_64-linux-gnu/7/lto-wrapper
OFFLOAD_TARGET_NAMES=nvptx-none
OFFLOAD_TARGET_DEFAULT=1
Target: x86_64-linux-gnu
Configured with: ../src/configure -v --with-pkgversion='Ubuntu 7.3.0-27ubuntu1~18.04' --with-bugurl=file:///usr/share/doc/gcc-7/README.Bugs --enable-languages=c,ada,c++,go,brig,d,fortran,objc,obj-c++ --prefix=/usr --with-gcc-major-version-only --program-suffix=-7 --program-prefix=x86_64-linux-gnu- --enable-shared --enable-linker-build-id --libexecdir=/usr/lib --without-included-gettext --enable-threads=posix --libdir=/usr/lib --enable-nls --with-sysroot=/ --enable-clocale=gnu --enable-libstdcxx-debug --enable-libstdcxx-time=yes --with-default-libstdcxx-abi=new --enable-gnu-unique-object --disable-vtable-verify --enable-libmpx --enable-plugin --enable-default-pie --with-system-zlib --with-target-system-zlib --enable-objc-gc=auto --enable-multiarch --disable-werror --with-arch-32=i686 --with-abi=m64 --with-multilib-list=m32,m64,mx32 --enable-multilib --with-tune=generic --enable-offload-targets=nvptx-none --without-cuda-driver --enable-checking=release --build=x86_64-linux-gnu --host=x86_64-linux-gnu --target=x86_64-linux-gnu
Thread model: posix
gcc version 7.3.0 (Ubuntu 7.3.0-27ubuntu1~18.04) 
configure:2973: $? = 0
configure:2962: g++ -V >&5
g++: error: unrecognized command line option '-V'
g++: fatal error: no input files
compilation terminated.
configure:2973: $? = 1
configure:2962: g++ -qversion >&5
g++: error: unrecognized command line option '-qversion'; did you mean '--version'?
g++: fatal error: no input files
compilation terminated.
configure:2973: $? = 1
configure:2993: checking whether the C++ compiler works
configure:3015: g++    conftest.cpp  >&5
configure:3019: $? = 0
configure:3067: result: yes
configure:3070: checking for C++ compiler default output file name
configure:3072: result: a.out
configure:3078: checking for suffix of executables
configure:3085: g++ -o conftest    conftest.cpp  >&5
configure:3089: $? = 0
configure:3111: result: 
configure:3133: checking whether we are cross compiling
configure:3141: g++ -o conftest    conftest.cpp  >&5
configure:3145: $? = 0
configure:3152: ./conftest
configure:3156: $? = 0
configure:3171: result: no
configure:3176: checking for suffix of object files
configure:3198: g++ -c   conftest.cpp >&5
configure:3202: $? = 0
configure:3223: result: o
configure:3227: checking whether we are using the GNU C++ compiler
configure:3246: g++ -c   conftest.cpp >&5
configure:3246: $? = 0
configure:3255: result: yes
configure:3264: checking whether g++ accepts -g
configure:3284: g++ -c -g  conftest.cpp >&5
configure:3284: $? = 0
configure:3325: result: yes
configure:3359: checking for style of include used by make
configure:3387: result: GNU
configure:3413: checking dependency style of g++
configure:3524: result: gcc3
configure:3587: checking for gcc
configure:3603: found /usr/bin/gcc
configure:3614: result: gcc
configure:3843: checking for C compiler version
configure:3852: gcc --version >&5
gcc (Ubuntu 7.3.0-27ubuntu1~18.04) 7.3.0
Copyright (C) 2017 Free Software Foundation, Inc.
This is free software; see the source for copying conditions.  There is NO
warranty; not even for MERCHANTABILITY or FITNESS FOR A PARTICULAR PURPOSE.

configure:3863: $? = 0
configure:3852: gcc -v >&5
Using built-in specs.
COLLECT_GCC=gcc
COLLECT_LTO_WRAPPER=/usr/lib/gcc/x86_64-linux-gnu/7/lto-wrapper
OFFLOAD_TARGET_NAMES=nvptx-none
OFFLOAD_TARGET_DEFAULT=1
Target: x86_64-linux-gnu
Configured with: ../src/configure -v --with-pkgversion='Ubuntu 7.3.0-27ubuntu1~18.04' --with-bugurl=file:///usr/share/doc/gcc-7/README.Bugs --enable-languages=c,ada,c++,go,brig,d,fortran,objc,obj-c++ --prefix=/usr --with-gcc-major-version-only --program-suffix=-7 --program-prefix=x86_64-linux-gnu- --enable-shared --enable-linker-build-id --libexecdir=/usr/lib --without-included-gettext --enable-threads=posix --libdir=/usr/lib --enable-nls --with-sysroot=/ --enable-clocale=gnu --enable-libstdcxx-debug --enable-libstdcxx-time=yes --with-default-libstdcxx-abi=new --enable-gnu-unique-object --disable-vtable-verify --enable-libmpx --enable-plugin --enable-default-pie --with-system-zlib --with-target-system-zlib --enable-objc-gc=auto --enable-multiarch --disable-werror --with-arch-32=i686 --with-abi=m64 --with-multilib-list=m32,m64,mx32 --enable-multilib --with-tune=generic --enable-offload-targets=nvptx-none --without-cuda-driver --enable-checking=release --build=x86_64-linux-gnu --host=x86_64-linux-gnu --target=x86_64-linux-gnu
Thread model: posix
gcc version 7.3.0 (Ubuntu 7.3.0-27ubuntu1~18.04) 
configure:3863: $? = 0
configure:3852: gcc -V >&5
gcc: error: unrecognized command line option '-V'
gcc: fatal error: no input files
compilation terminated.
configure:3863: $? = 1
configure:3852: gcc -qversion >&5
gcc: error: unrecognized command line option '-qversion'; did you mean '--version'?
gcc: fatal error: no input files
compilation terminated.
configure:3863: $? = 1
configure:3867: checking whether we are using the GNU C compiler
configure:3886: gcc -c   conftest.c >&5
configure:3886: $? = 0
configure:3895: result: yes
configure:3904: checking whether gcc accepts -g
configure:3924: gcc -c -g  conftest.c >&5
configure:3924: $? = 0
configure:3965: result: yes
configure:3982: checking for gcc option to accept ISO C89
configure:4045: gcc  -c -g -O2  conftest.c >&5
configure:4045: $? = 0
configure:4058: result: none needed
configure:4083: checking whether gcc understands -c and -o together
configure:4105: gcc -c conftest.c -o conftest2.o
configure:4108: $? = 0
configure:4105: gcc -c conftest.c -o conftest2.o
configure:4108: $? = 0
configure:4120: result: yes
configure:4139: checking dependency style of gcc
configure:4250: result: gcc3
configure:4265: checking whether make sets $(MAKE)
configure:4287: result: yes
configure:4343: checking for sdl-config
configure:4361: found /usr/bin/sdl-config
configure:4374: result: /usr/bin/sdl-config
configure:4384: checking for SDL - version >= 1.2.0
configure:4471: gcc -o conftest -g -O2 -I/usr/include/SDL -D_GNU_SOURCE=1 -D_REENTRANT   conftest.c  -L/usr/lib/x86_64-linux-gnu -lSDL >&5
configure:4471: $? = 0
configure:4471: ./conftest
configure:4471: $? = 0
configure:4486: result: yes
configure:4558: checking for Mix_OpenAudio in -lSDL_mixer
configure:4583: gcc -o conftest -g -O2   conftest.c -lSDL_mixer   -L/usr/lib/x86_64-linux-gnu -lSDL >&5
configure:4583: $? = 0
configure:4592: result: yes
configure:4605: checking how to run the C preprocessor
configure:4636: gcc -E  conftest.c
configure:4636: $? = 0
configure:4650: gcc -E  conftest.c
conftest.c:13:10: fatal error: ac_nonexistent.h: No such file or directory
 #include <ac_nonexistent.h>
          ^~~~~~~~~~~~~~~~~~
compilation terminated.
configure:4650: $? = 1
configure: failed program was:
| /* confdefs.h */
| #define PACKAGE_NAME "openglad"
| #define PACKAGE_TARNAME "openglad"
| #define PACKAGE_VERSION "0.98.1"
| #define PACKAGE_STRING "openglad 0.98.1"
| #define PACKAGE_BUGREPORT ""
| #define PACKAGE_URL ""
| #define PACKAGE "openglad"
| #define VERSION "0.98.1"
| #define SYSCONFDIR "/usr/local/etc/"
| #define OG_DATADIR "${datarootdir}/"
| /* end confdefs.h.  */
| #include <ac_nonexistent.h>
configure:4675: result: gcc -E
configure:4695: gcc -E  conftest.c
configure:4695: $? = 0
configure:4709: gcc -E  conftest.c
conftest.c:13:10: fatal error: ac_nonexistent.h: No such file or directory
 #include <ac_nonexistent.h>
          ^~~~~~~~~~~~~~~~~~
compilation terminated.
configure:4709: $? = 1
configure: failed program was:
| /* confdefs.h */
| #define PACKAGE_NAME "openglad"
| #define PACKAGE_TARNAME "openglad"
| #define PACKAGE_VERSION "0.98.1"
| #define PACKAGE_STRING "openglad 0.98.1"
| #define PACKAGE_BUGREPORT ""
| #define PACKAGE_URL ""
| #define PACKAGE "openglad"
| #define VERSION "0.98.1"
| #define SYSCONFDIR "/usr/local/etc/"
| #define OG_DATADIR "${datarootdir}/"
| /* end confdefs.h.  */
| #include <ac_nonexistent.h>
configure:4738: checking for grep that handles long lines and -e
configure:4796: result: /bin/grep
configure:4801: checking for egrep
configure:4863: result: /bin/grep -E
configure:4868: checking for ANSI C header files
configure:4888: gcc -c -g -O2  conftest.c >&5
configure:4888: $? = 0
configure:4961: gcc -o conftest -g -O2   conftest.c  -L/usr/lib/x86_64-linux-gnu -lSDL -lSDL_mixer >&5
configure:4961: $? = 0
configure:4961: ./conftest
configure:4961: $? = 0
configure:4972: result: yes
configure:4985: checking for sys/types.h
configure:4985: gcc -c -g -O2  conftest.c >&5
configure:4985: $? = 0
configure:4985: result: yes
configure:4985: checking for sys/stat.h
configure:4985: gcc -c -g -O2  conftest.c >&5
configure:4985: $? = 0
configure:4985: result: yes
configure:4985: checking for stdlib.h
configure:4985: gcc -c -g -O2  conftest.c >&5
configure:4985: $? = 0
configure:4985: result: yes
configure:4985: checking for string.h
configure:4985: gcc -c -g -O2  conftest.c >&5
configure:4985: $? = 0
configure:4985: result: yes
configure:4985: checking for memory.h
configure:4985: gcc -c -g -O2  conftest.c >&5
configure:4985: $? = 0
configure:4985: result: yes
configure:4985: checking for strings.h
configure:4985: gcc -c -g -O2  conftest.c >&5
configure:4985: $? = 0
configure:4985: result: yes
configure:4985: checking for inttypes.h
configure:4985: gcc -c -g -O2  conftest.c >&5
configure:4985: $? = 0
configure:4985: result: yes
configure:4985: checking for stdint.h
configure:4985: gcc -c -g -O2  conftest.c >&5
configure:4985: $? = 0
configure:4985: result: yes
configure:4985: checking for unistd.h
configure:4985: gcc -c -g -O2  conftest.c >&5
configure:4985: $? = 0
configure:4985: result: yes
configure:5000: checking malloc.h usability
configure:5000: gcc -c -g -O2  conftest.c >&5
configure:5000: $? = 0
configure:5000: result: yes
configure:5000: checking malloc.h presence
configure:5000: gcc -E  conftest.c
configure:5000: $? = 0
configure:5000: result: yes
configure:5000: checking for malloc.h
configure:5000: result: yes
configure:5000: checking for stdlib.h
configure:5000: result: yes
configure:5000: checking for string.h
configure:5000: result: yes
configure:5012: checking whether struct tm is in sys/time.h or time.h
configure:5032: gcc -c -g -O2  conftest.c >&5
configure:5032: $? = 0
configure:5039: result: time.h
configure:5051: checking for stdlib.h
configure:5051: result: yes
configure:5061: checking for GNU libc compatible malloc
configure:5085: gcc -o conftest -g -O2   conftest.c  -L/usr/lib/x86_64-linux-gnu -lSDL -lSDL_mixer >&5
configure:5085: $? = 0
configure:5085: ./conftest
configure:5085: $? = 0
configure:5095: result: yes
configure:5119: checking for memset
configure:5119: gcc -o conftest -g -O2   conftest.c  -L/usr/lib/x86_64-linux-gnu -lSDL -lSDL_mixer >&5
conftest.c:51:6: warning: conflicting types for built-in function 'memset' [-Wbuiltin-declaration-mismatch]
 char memset ();
      ^~~~~~
configure:5119: $? = 0
configure:5119: result: yes
configure:5119: checking for pow
configure:5119: gcc -o conftest -g -O2   conftest.c  -L/usr/lib/x86_64-linux-gnu -lSDL -lSDL_mixer >&5
conftest.c:52:6: warning: conflicting types for built-in function 'pow' [-Wbuiltin-declaration-mismatch]
 char pow ();
      ^~~
/tmp/cccjLDKq.o: In function `main':
/home/novous/Desktop/openglad-master/conftest.c:63: undefined reference to `pow'
collect2: error: ld returned 1 exit status
configure:5119: $? = 1
configure: failed program was:
| /* confdefs.h */
| #define PACKAGE_NAME "openglad"
| #define PACKAGE_TARNAME "openglad"
| #define PACKAGE_VERSION "0.98.1"
| #define PACKAGE_STRING "openglad 0.98.1"
| #define PACKAGE_BUGREPORT ""
| #define PACKAGE_URL ""
| #define PACKAGE "openglad"
| #define VERSION "0.98.1"
| #define SYSCONFDIR "/usr/local/etc/"
| #define OG_DATADIR "${datarootdir}/"
| #define STDC_HEADERS 1
| #define HAVE_SYS_TYPES_H 1
| #define HAVE_SYS_STAT_H 1
| #define HAVE_STDLIB_H 1
| #define HAVE_STRING_H 1
| #define HAVE_MEMORY_H 1
| #define HAVE_STRINGS_H 1
| #define HAVE_INTTYPES_H 1
| #define HAVE_STDINT_H 1
| #define HAVE_UNISTD_H 1
| #define HAVE_MALLOC_H 1
| #define HAVE_STDLIB_H 1
| #define HAVE_STRING_H 1
| #define HAVE_STDLIB_H 1
| #define HAVE_MALLOC 1
| #define HAVE_MEMSET 1
| /* end confdefs.h.  */
| /* Define pow to an innocuous variant, in case <limits.h> declares pow.
|    For example, HP-UX 11i <limits.h> declares gettimeofday.  */
| #define pow innocuous_pow
| 
| /* System header to define __stub macros and hopefully few prototypes,
|     which can conflict with char pow (); below.
|     Prefer <limits.h> to <assert.h> if __STDC__ is defined, since
|     <limits.h> exists even on freestanding compilers.  */
| 
| #ifdef __STDC__
| # include <limits.h>
| #else
| # include <assert.h>
| #endif
| 
| #undef pow
| 
| /* Override any GCC internal prototype to avoid an error.
|    Use char because int might match the return type of a GCC
|    builtin and then its argument prototype would still apply.  */
| #ifdef __cplusplus
| extern "C"
| #endif
| char pow ();
| /* The GNU C library defines this for functions which it implements
|     to always fail with ENOSYS.  Some functions are actually named
|     something starting with __ and the normal name is an alias.  */
| #if defined __stub_pow || defined __stub___pow
| choke me
| #endif
| 
| int
| main ()
| {
| return pow ();
|   ;
|   return 0;
| }
configure:5119: result: no
configure:5239: checking that generated files are newer than configure
configure:5245: result: done
configure:5272: creating ./config.status

## ---------------------- ##
## Running config.status. ##
## ---------------------- ##

This file was extended by openglad config.status 0.98.1, which was
generated by GNU Autoconf 2.69.  Invocation command line was

  CONFIG_FILES    = 
  CONFIG_HEADERS  = 
  CONFIG_LINKS    = 
  CONFIG_COMMANDS = 
  $ ./config.status 

on saturn

config.status:873: creating Makefile
config.status:873: creating src/Makefile
config.status:873: creating util/Makefile
config.status:873: creating sound/Makefile
config.status:873: creating src/config.h
config.status:1054: src/config.h is unchanged
config.status:1102: executing depfiles commands

## ---------------- ##
## Cache variables. ##
## ---------------- ##

ac_cv_c_compiler_gnu=yes
ac_cv_cxx_compiler_gnu=yes
ac_cv_env_CCC_set=
ac_cv_env_CCC_value=
ac_cv_env_CC_set=
ac_cv_env_CC_value=
ac_cv_env_CFLAGS_set=
ac_cv_env_CFLAGS_value=
ac_cv_env_CPPFLAGS_set=
ac_cv_env_CPPFLAGS_value=
ac_cv_env_CPP_set=
ac_cv_env_CPP_value=
ac_cv_env_CXXFLAGS_set=
ac_cv_env_CXXFLAGS_value=
ac_cv_env_CXX_set=
ac_cv_env_CXX_value=
ac_cv_env_LDFLAGS_set=
ac_cv_env_LDFLAGS_value=
ac_cv_env_LIBS_set=
ac_cv_env_LIBS_value=
ac_cv_env_build_alias_set=
ac_cv_env_build_alias_value=
ac_cv_env_host_alias_set=
ac_cv_env_host_alias_value=
ac_cv_env_target_alias_set=
ac_cv_env_target_alias_value=
ac_cv_func_malloc_0_nonnull=yes
ac_cv_func_memset=yes
ac_cv_func_pow=no
ac_cv_header_inttypes_h=yes
ac_cv_header_malloc_h=yes
ac_cv_header_memory_h=yes
ac_cv_header_stdc=yes
ac_cv_header_stdint_h=yes
ac_cv_header_stdlib_h=yes
ac_cv_header_string_h=yes
ac_cv_header_strings_h=yes
ac_cv_header_sys_stat_h=yes
ac_cv_header_sys_types_h=yes
ac_cv_header_unistd_h=yes
ac_cv_lib_SDL_mixer_Mix_OpenAudio=yes
ac_cv_objext=o
ac_cv_path_EGREP='/bin/grep -E'
ac_cv_path_GREP=/bin/grep
ac_cv_path_SDL_CONFIG=/usr/bin/sdl-config
ac_cv_path_install='/usr/bin/install -c'
ac_cv_path_mkdir=/bin/mkdir
ac_cv_prog_AWK=gawk
ac_cv_prog_CPP='gcc -E'
ac_cv_prog_ac_ct_CC=gcc
ac_cv_prog_ac_ct_CXX=g++
ac_cv_prog_cc_c89=
ac_cv_prog_cc_g=yes
ac_cv_prog_cxx_g=yes
ac_cv_prog_make_make_set=yes
ac_cv_struct_tm=time.h
am_cv_CC_dependencies_compiler_type=gcc3
am_cv_CXX_dependencies_compiler_type=gcc3
am_cv_make_support_nested_variables=yes
am_cv_prog_cc_c_o=yes

## ----------------- ##
## Output variables. ##
## ----------------- ##

ACLOCAL='aclocal-1.15'
AMDEPBACKSLASH='\'
AMDEP_FALSE='#'
AMDEP_TRUE=''
AMTAR='$${TAR-tar}'
AM_BACKSLASH='\'
AM_DEFAULT_V='$(AM_DEFAULT_VERBOSITY)'
AM_DEFAULT_VERBOSITY='1'
AM_V='$(V)'
AUTOCONF='autoconf'
AUTOHEADER='autoheader'
AUTOMAKE='automake-1.15'
AWK='gawk'
CC='gcc'
CCDEPMODE='depmode=gcc3'
CFLAGS='-g -O2'
CPP='gcc -E'
CPPFLAGS=''
CXX='g++'
CXXDEPMODE='depmode=gcc3'
CXXFLAGS='-g -O2 -I/usr/include/SDL -D_GNU_SOURCE=1 -D_REENTRANT'
CYGPATH_W='echo'
DEFS='-DHAVE_CONFIG_H'
DEPDIR='.deps'
ECHO_C=''
ECHO_N='-n'
ECHO_T=''
EGREP='/bin/grep -E'
EXEEXT=''
GREP='/bin/grep'
INSTALL_DATA='${INSTALL} -m 644'
INSTALL_PROGRAM='${INSTALL}'
INSTALL_SCRIPT='${INSTALL}'
INSTALL_STRIP_PROGRAM='$(install_sh) -c -s'
LDFLAGS=''
LIBOBJS=''
LIBS=' -L/usr/lib/x86_64-linux-gnu -lSDL -lSDL_mixer'
LTLIBOBJS=''
MAKEINFO='makeinfo'
MKDIR_P='/bin/mkdir -p'
OBJEXT='o'
PACKAGE='openglad'
PACKAGE_BUGREPORT=''
PACKAGE_NAME='openglad'
PACKAGE_STRING='openglad 0.98.1'
PACKAGE_TARNAME='openglad'
PACKAGE_URL=''
PACKAGE_VERSION='0.98.1'
PATH_SEPARATOR=':'
SDL_CFLAGS='-I/usr/include/SDL -D_GNU_SOURCE=1 -D_REENTRANT'
SDL_CONFIG='/usr/bin/sdl-config'
SDL_LIBS='-L/usr/lib/x86_64-linux-gnu -lSDL'
SET_MAKE=''
SHELL='/bin/bash'
STRIP=''
VERSION='0.98.1'
ac_ct_CC='gcc'
ac_ct_CXX='g++'
am__EXEEXT_FALSE=''
am__EXEEXT_TRUE='#'
am__fastdepCC_FALSE='#'
am__fastdepCC_TRUE=''
am__fastdepCXX_FALSE='#'
am__fastdepCXX_TRUE=''
am__include='include'
am__isrc=''
am__leading_dot='.'
am__nodep='_no'
am__quote=''
am__tar='$${TAR-tar} chof - "$$tardir"'
am__untar='$${TAR-tar} xf -'
bindir='/usr/local/games'
build_alias=''
datadir='${datarootdir}'
datarootdir='${prefix}/share'
docdir='${datarootdir}/doc/${PACKAGE_TARNAME}'
dvidir='${docdir}'
exec_prefix='/usr/local'
host_alias=''
htmldir='${docdir}'
includedir='${prefix}/include'
infodir='${datarootdir}/info'
install_sh='${SHELL} /home/novous/Desktop/openglad-master/install-sh'
libdir='${exec_prefix}/lib'
libexecdir='${exec_prefix}/libexec'
localedir='${datarootdir}/locale'
localstatedir='${prefix}/var'
mandir='${datarootdir}/man'
mkdir_p='$(MKDIR_P)'
oldincludedir='/usr/include'
pdfdir='${docdir}'
prefix='/usr/local'
program_transform_name='s,x,x,'
psdir='${docdir}'
runstatedir='${localstatedir}/run'
sbindir='${exec_prefix}/sbin'
sharedstatedir='${prefix}/com'
sysconfdir='/usr/local/etc'
target_alias=''

## ----------- ##
## confdefs.h. ##
## ----------- ##

/* confdefs.h */
#define PACKAGE_NAME "openglad"
#define PACKAGE_TARNAME "openglad"
#define PACKAGE_VERSION "0.98.1"
#define PACKAGE_STRING "openglad 0.98.1"
#define PACKAGE_BUGREPORT ""
#define PACKAGE_URL ""
#define PACKAGE "openglad"
#define VERSION "0.98.1"
#define SYSCONFDIR "/usr/local/etc/"
#define OG_DATADIR "${datarootdir}/"
#define STDC_HEADERS 1
#define HAVE_SYS_TYPES_H 1
#define HAVE_SYS_STAT_H 1
#define HAVE_STDLIB_H 1
#define HAVE_STRING_H 1
#define HAVE_MEMORY_H 1
#define HAVE_STRINGS_H 1
#define HAVE_INTTYPES_H 1
#define HAVE_STDINT_H 1
#define HAVE_UNISTD_H 1
#define HAVE_MALLOC_H 1
#define HAVE_STDLIB_H 1
#define HAVE_STRING_H 1
#define HAVE_STDLIB_H 1
#define HAVE_MALLOC 1
#define HAVE_MEMSET 1

configure: exit 0

## ---------------------- ##
## Running config.status. ##
## ---------------------- ##

This file was extended by openglad config.status 0.98.1, which was
generated by GNU Autoconf 2.69.  Invocation command line was

  CONFIG_FILES    = 
  CONFIG_HEADERS  = 
  CONFIG_LINKS    = 
  CONFIG_COMMANDS = 
  $ ./config.status src/config.h

on saturn

config.status:873: creating src/config.h
config.status:1054: src/config.h is unchanged
